0 verbose cli /home/ec2-user/.nvm/versions/node/v16.20.2/bin/node /home/ec2-user/.nvm/versions/node/v16.20.2/bin/npm
1 info using npm@8.19.4
2 info using node@v16.20.2
3 timing npm:load:whichnode Completed in 0ms
4 timing config:load:defaults Completed in 1ms
5 timing config:load:file:/home/ec2-user/.nvm/versions/node/v16.20.2/lib/node_modules/npm/npmrc Completed in 1ms
6 timing config:load:builtin Completed in 1ms
7 timing config:load:cli Completed in 14ms
8 timing config:load:env Completed in 0ms
9 timing config:load:project Completed in 5ms
10 timing config:load:file:/home/ec2-user/.npmrc Completed in 0ms
11 timing config:load:user Completed in 0ms
12 timing config:load:file:/home/ec2-user/.nvm/versions/node/v16.20.2/etc/npmrc Completed in 0ms
13 timing config:load:global Completed in 0ms
14 timing config:load:validate Completed in 0ms
15 timing config:load:credentials Completed in 0ms
16 timing config:load:setEnvs Completed in 1ms
17 timing config:load Completed in 23ms
18 timing npm:load:configload Completed in 23ms
19 timing npm:load:mkdirpcache Completed in 1ms
20 timing npm:load:mkdirplogs Completed in 0ms
21 verbose title npm install typescript@3.7.5
22 verbose argv "install" "--global" "typescript@3.7.5"
23 timing npm:load:setTitle Completed in 1ms
24 timing config:load:flatten Completed in 3ms
25 timing npm:load:display Completed in 3ms
26 verbose logfile logs-max:10 dir:/home/ec2-user/.npm/_logs
27 verbose logfile /home/ec2-user/.npm/_logs/2023-08-11T16_08_12_932Z-debug-0.log
28 timing npm:load:logFile Completed in 4ms
29 timing npm:load:timers Completed in 0ms
30 timing npm:load:configScope Completed in 0ms
31 timing npm:load Completed in 32ms
32 timing arborist:ctor Completed in 0ms
33 silly logfile done cleaning log files
34 timing idealTree:init Completed in 4ms
35 timing idealTree:userRequests Completed in 3ms
36 silly idealTree buildDeps
37 silly fetch manifest typescript@3.7.5
38 http fetch GET 200 https://registry.npmjs.org/typescript 189ms (cache miss)
39 silly placeDep ROOT typescript@3.7.5 OK for:  want: 3.7.5
40 timing idealTree:#root Completed in 244ms
41 timing idealTree:node_modules/typescript Completed in 0ms
42 timing idealTree:buildDeps Completed in 246ms
43 timing idealTree:fixDepFlags Completed in 0ms
44 timing idealTree Completed in 256ms
45 timing reify:loadTrees Completed in 257ms
46 timing reify:diffTrees Completed in 0ms
47 silly reify moves {}
48 timing reify:retireShallow Completed in 1ms
49 timing reify:createSparse Completed in 7ms
50 timing reify:loadBundles Completed in 0ms
51 silly audit bulk request { typescript: [ '3.7.5' ] }
52 silly tarball no local data for typescript@https://registry.npmjs.org/typescript/-/typescript-3.7.5.tgz. Extracting by manifest.
53 http fetch POST 200 https://registry.npmjs.org/-/npm/v1/security/advisories/bulk 60ms
54 timing auditReport:getReport Completed in 62ms
55 silly audit report {}
56 timing auditReport:init Completed in 0ms
57 timing reify:audit Completed in 63ms
58 http fetch GET 200 https://registry.npmjs.org/typescript/-/typescript-3.7.5.tgz 549ms (cache miss)
59 timing reifyNode:node_modules/typescript Completed in 560ms
60 timing reify:unpack Completed in 560ms
61 timing reify:unretire Completed in 0ms
62 timing build:queue Completed in 1ms
63 timing build:link:node_modules/typescript Completed in 2ms
64 timing build:link Completed in 2ms
65 timing build:deps Completed in 3ms
66 timing build Completed in 3ms
67 timing reify:build Completed in 3ms
68 timing reify:trash Completed in 0ms
69 timing reify Completed in 839ms
70 silly ADD node_modules/typescript
71 timing command:install Completed in 843ms
72 verbose exit 0
73 timing npm Completed in 958ms
74 info ok
