Created by PLY version 3.11 (http://www.dabeaz.com/ply)

Grammar

Rule 0     S' -> teigi
Rule 1     teigi -> RETURN expression SEMI
Rule 2     expression -> NUMBER
Rule 3     expression -> expression OPTASU NUMBER
Rule 4     expression -> expression OPHIKU NUMBER

Terminals, with rules where they appear

NUMBER               : 2 3 4
OPHIKU               : 4
OPTASU               : 3
RETURN               : 1
SEMI                 : 1
error                : 

Nonterminals, with rules where they appear

expression           : 1 3 4
teigi                : 0

Parsing method: LALR

state 0

    (0) S' -> . teigi
    (1) teigi -> . RETURN expression SEMI

    RETURN          shift and go to state 2

    teigi                          shift and go to state 1

state 1

    (0) S' -> teigi .



state 2

    (1) teigi -> RETURN . expression SEMI
    (2) expression -> . NUMBER
    (3) expression -> . expression OPTASU NUMBER
    (4) expression -> . expression OPHIKU NUMBER

    NUMBER          shift and go to state 4

    expression                     shift and go to state 3

state 3

    (1) teigi -> RETURN expression . SEMI
    (3) expression -> expression . OPTASU NUMBER
    (4) expression -> expression . OPHIKU NUMBER

    SEMI            shift and go to state 5
    OPTASU          shift and go to state 6
    OPHIKU          shift and go to state 7


state 4

    (2) expression -> NUMBER .

    SEMI            reduce using rule 2 (expression -> NUMBER .)
    OPTASU          reduce using rule 2 (expression -> NUMBER .)
    OPHIKU          reduce using rule 2 (expression -> NUMBER .)


state 5

    (1) teigi -> RETURN expression SEMI .

    $end            reduce using rule 1 (teigi -> RETURN expression SEMI .)


state 6

    (3) expression -> expression OPTASU . NUMBER

    NUMBER          shift and go to state 8


state 7

    (4) expression -> expression OPHIKU . NUMBER

    NUMBER          shift and go to state 9


state 8

    (3) expression -> expression OPTASU NUMBER .

    SEMI            reduce using rule 3 (expression -> expression OPTASU NUMBER .)
    OPTASU          reduce using rule 3 (expression -> expression OPTASU NUMBER .)
    OPHIKU          reduce using rule 3 (expression -> expression OPTASU NUMBER .)


state 9

    (4) expression -> expression OPHIKU NUMBER .

    SEMI            reduce using rule 4 (expression -> expression OPHIKU NUMBER .)
    OPTASU          reduce using rule 4 (expression -> expression OPHIKU NUMBER .)
    OPHIKU          reduce using rule 4 (expression -> expression OPHIKU NUMBER .)

