Created by PLY version 3.11 (http://www.dabeaz.com/ply)

Grammar

Rule 0     S' -> teigi
Rule 1     teigi -> RETURN NUMBER SEMI

Terminals, with rules where they appear

NUMBER               : 1
RETURN               : 1
SEMI                 : 1
error                : 

Nonterminals, with rules where they appear

teigi                : 0

Parsing method: LALR

state 0

    (0) S' -> . teigi
    (1) teigi -> . RETURN NUMBER SEMI

    RETURN          shift and go to state 2

    teigi                          shift and go to state 1

state 1

    (0) S' -> teigi .



state 2

    (1) teigi -> RETURN . NUMBER SEMI

    NUMBER          shift and go to state 3


state 3

    (1) teigi -> RETURN NUMBER . SEMI

    SEMI            shift and go to state 4


state 4

    (1) teigi -> RETURN NUMBER SEMI .

    $end            reduce using rule 1 (teigi -> RETURN NUMBER SEMI .)

